2025-09-21 14:37:58,694 - INFO - Backend script started.
2025-09-21 14:37:58,695 - INFO - Script executed as main.
2025-09-21 14:37:58,695 - INFO - Main function entered. Waiting for stdin.
2025-09-21 14:37:58,695 - INFO - Received line: {"jsonrpc":"2.0","id":1,"method":"say_hello","params":{"name":"from VSCode"}}
2025-09-21 14:37:58,695 - DEBUG - Parsed request: {'jsonrpc': '2.0', 'id': 1, 'method': 'say_hello', 'params': {'name': 'from VSCode'}}
2025-09-21 14:37:58,695 - INFO - Sending response: {'jsonrpc': '2.0', 'id': 1, 'result': 'Hello, from VSCode!'}
2025-09-21 14:37:58,695 - INFO - Response sent and flushed.
2025-09-21 14:37:58,695 - INFO - Exiting main loop.
2025-09-21 14:37:58,695 - INFO - Main function finished. Script terminating.
2025-09-21 14:42:53,725 - INFO - Backend script started.
2025-09-21 14:42:53,726 - INFO - Script executed as main.
2025-09-21 14:42:53,726 - INFO - Main function entered. Waiting for stdin.
2025-09-21 14:42:53,726 - INFO - Received line: {"jsonrpc":"2.0","id":1,"method":"say_hello","params":{"name":"from VSCode"}}
2025-09-21 14:42:53,726 - DEBUG - Parsed request: {'jsonrpc': '2.0', 'id': 1, 'method': 'say_hello', 'params': {'name': 'from VSCode'}}
2025-09-21 14:42:53,726 - INFO - Sending response: {'jsonrpc': '2.0', 'id': 1, 'result': 'Hello, from VSCode!'}
2025-09-21 14:42:53,726 - INFO - Response sent and flushed.
2025-09-21 14:42:53,726 - INFO - Exiting main loop.
2025-09-21 14:42:53,726 - INFO - Main function finished. Script terminating.
2025-09-21 15:21:07,046 - INFO - Backend script started.
2025-09-21 15:21:07,046 - INFO - Script executed as main.
2025-09-21 15:21:07,046 - INFO - Main function entered. Waiting for stdin.
2025-09-21 15:21:07,046 - INFO - Received line: {"jsonrpc":"2.0","id":1758457267024,"method":"say_hello","params":{"name":"from Visual Interface"}}
2025-09-21 15:21:07,046 - DEBUG - Parsed request: {'jsonrpc': '2.0', 'id': 1758457267024, 'method': 'say_hello', 'params': {'name': 'from Visual Interface'}}
2025-09-21 15:21:07,046 - INFO - Sending response: {'jsonrpc': '2.0', 'id': 1758457267024, 'result': 'Hello, from Visual Interface!'}
2025-09-21 15:21:07,046 - INFO - Response sent and flushed.
